<?xml version="1.0" encoding="UTF-8"?>
<!-- Generated by org.testng.reporters.JUnitReportReporter -->
<testsuite hostname="CPC-mhamz-8TY8C" failures="0" tests="2" name="com.qa.Salesforce.tests.SampleTest" time="0.113" errors="0" timestamp="2023-12-18T12:27:17 IST" skipped="0">
  <testcase classname="com.qa.Salesforce.tests.SampleTest" name="creationofOpp" time="0.106"/>
  <testcase classname="com.qa.Salesforce.tests.SampleTest" name="loginpagetitleTest" time="0.007"/>
</testsuite> <!-- com.qa.Salesforce.tests.SampleTest -->
