<?xml version="1.0" encoding="UTF-8"?>
<!-- Generated by org.testng.reporters.JUnitReportReporter -->
<testsuite hostname="CPC-mhamz-8TY8C" failures="0" tests="2" name="com.qa.Salesforce.tests.TC_01_CreationofOpportunity" time="6.419" errors="0" timestamp="2023-12-18T14:38:45 IST" skipped="0">
  <testcase classname="com.qa.Salesforce.tests.TC_01_CreationofOpportunity" name="loginpagetitleTest" time="0.007"/>
  <testcase classname="com.qa.Salesforce.tests.TC_01_CreationofOpportunity" name="creationofOpp" time="6.412"/>
</testsuite> <!-- com.qa.Salesforce.tests.TC_01_CreationofOpportunity -->
