<?xml version="1.0" encoding="UTF-8"?>
<!-- Generated by org.testng.reporters.JUnitReportReporter -->
<testsuite hostname="MSI" failures="0" tests="2" name="com.qa.Salesforce.tests.TC_02_FranchiseAccountandContact" time="3.600" errors="1" timestamp="2024-03-23T14:13:15 IST" skipped="1">
  <testcase classname="com.qa.Salesforce.tests.TC_02_FranchiseAccountandContact" name="setup" time="3.599">
    <error message="Error {
  message=&#039;Protocol error (Page.navigate): Cannot navigate to invalid URL
  name=&#039;Error
  stack=&#039;Error: Protocol error (Page.navigate): Cannot navigate to invalid URL
    at C:\Users\mohom\AppData\Local\Temp\playwright-java-1425518182737789801\package\lib\server\chromium\crConnection.js:135:16
    at new Promise (&lt;anonymous&gt;)
    at CRSession.send (C:\Users\mohom\AppData\Local\Temp\playwright-java-1425518182737789801\package\lib\server\chromium\crConnection.js:131:12)
    at FrameSession._navigate (C:\Users\mohom\AppData\Local\Temp\playwright-java-1425518182737789801\package\lib\server\chromium\crPage.js:502:41)
    at CRPage.navigateFrame (C:\Users\mohom\AppData\Local\Temp\playwright-java-1425518182737789801\package\lib\server\chromium\crPage.js:157:41)
    at Frame._gotoAction (C:\Users\mohom\AppData\Local\Temp\playwright-java-1425518182737789801\package\lib\server\frames.js:534:55)
    at C:\Users\mohom\AppData\Local\Temp\playwright-java-1425518182737789801\package\lib\server\frames.js:520:74
    at Frame.raceNavigationAction (C:\Users\mohom\AppData\Local\Temp\playwright-java-1425518182737789801\package\lib\server\frames.js:492:95)
    at Frame._goto (C:\Users\mohom\AppData\Local\Temp\playwright-java-1425518182737789801\package\lib\server\frames.js:520:17)
    at C:\Users\mohom\AppData\Local\Temp\playwright-java-1425518182737789801\package\lib\server\frames.js:517:44
}
Call log:
- navigating to &quot;&quot;, waiting until &quot;load&quot;
" type="com.microsoft.playwright.PlaywrightException">
      <![CDATA[com.microsoft.playwright.PlaywrightException: Error {
  message='Protocol error (Page.navigate): Cannot navigate to invalid URL
  name='Error
  stack='Error: Protocol error (Page.navigate): Cannot navigate to invalid URL
    at C:\Users\mohom\AppData\Local\Temp\playwright-java-1425518182737789801\package\lib\server\chromium\crConnection.js:135:16
    at new Promise (<anonymous>)
    at CRSession.send (C:\Users\mohom\AppData\Local\Temp\playwright-java-1425518182737789801\package\lib\server\chromium\crConnection.js:131:12)
    at FrameSession._navigate (C:\Users\mohom\AppData\Local\Temp\playwright-java-1425518182737789801\package\lib\server\chromium\crPage.js:502:41)
    at CRPage.navigateFrame (C:\Users\mohom\AppData\Local\Temp\playwright-java-1425518182737789801\package\lib\server\chromium\crPage.js:157:41)
    at Frame._gotoAction (C:\Users\mohom\AppData\Local\Temp\playwright-java-1425518182737789801\package\lib\server\frames.js:534:55)
    at C:\Users\mohom\AppData\Local\Temp\playwright-java-1425518182737789801\package\lib\server\frames.js:520:74
    at Frame.raceNavigationAction (C:\Users\mohom\AppData\Local\Temp\playwright-java-1425518182737789801\package\lib\server\frames.js:492:95)
    at Frame._goto (C:\Users\mohom\AppData\Local\Temp\playwright-java-1425518182737789801\package\lib\server\frames.js:520:17)
    at C:\Users\mohom\AppData\Local\Temp\playwright-java-1425518182737789801\package\lib\server\frames.js:517:44
}
Call log:
- navigating to "", waiting until "load"

at com.microsoft.playwright.impl.WaitableResult.get(WaitableResult.java:54)
at com.microsoft.playwright.impl.ChannelOwner.runUntil(ChannelOwner.java:120)
at com.microsoft.playwright.impl.Connection.sendMessage(Connection.java:129)
at com.microsoft.playwright.impl.ChannelOwner.sendMessage(ChannelOwner.java:106)
at com.microsoft.playwright.impl.FrameImpl.navigateImpl(FrameImpl.java:463)
at com.microsoft.playwright.impl.PageImpl.lambda$navigate$45(PageImpl.java:836)
at com.microsoft.playwright.impl.LoggingSupport.withLogging(LoggingSupport.java:47)
at com.microsoft.playwright.impl.ChannelOwner.withLogging(ChannelOwner.java:89)
at com.microsoft.playwright.impl.PageImpl.navigate(PageImpl.java:836)
at com.microsoft.playwright.impl.PageImpl.navigate(PageImpl.java:42)
at com.microsoft.playwright.Page.navigate(Page.java:5305)
at com.qa.Salesforce.factory.PlaywrightFactory.initBrowser(PlaywrightFactory.java:76)
at com.qa.Salesforce.base.BaseTest.setup(BaseTest.java:34)
at java.base/jdk.internal.reflect.NativeMethodAccessorImpl.invoke0(Native Method)
at java.base/jdk.internal.reflect.NativeMethodAccessorImpl.invoke(NativeMethodAccessorImpl.java:77)
at java.base/jdk.internal.reflect.DelegatingMethodAccessorImpl.invoke(DelegatingMethodAccessorImpl.java:43)
at java.base/java.lang.reflect.Method.invoke(Method.java:568)
at org.testng.internal.MethodInvocationHelper.invokeMethod(MethodInvocationHelper.java:133)
at org.testng.internal.MethodInvocationHelper.invokeMethodConsideringTimeout(MethodInvocationHelper.java:62)
at org.testng.internal.ConfigInvoker.invokeConfigurationMethod(ConfigInvoker.java:385)
at org.testng.internal.ConfigInvoker.invokeConfigurations(ConfigInvoker.java:321)
at org.testng.TestRunner.invokeTestConfigurations(TestRunner.java:637)
at org.testng.TestRunner.beforeRun(TestRunner.java:627)
at org.testng.TestRunner.run(TestRunner.java:589)
at org.testng.SuiteRunner.runTest(SuiteRunner.java:377)
at org.testng.SuiteRunner.runSequentially(SuiteRunner.java:371)
at org.testng.SuiteRunner.privateRun(SuiteRunner.java:332)
at org.testng.SuiteRunner.run(SuiteRunner.java:276)
at org.testng.SuiteRunnerWorker.runSuite(SuiteRunnerWorker.java:53)
at org.testng.SuiteRunnerWorker.run(SuiteRunnerWorker.java:96)
at org.testng.TestNG.runSuitesSequentially(TestNG.java:1212)
at org.testng.TestNG.runSuitesLocally(TestNG.java:1134)
at org.testng.TestNG.runSuites(TestNG.java:1063)
at org.testng.TestNG.run(TestNG.java:1031)
at org.testng.remote.AbstractRemoteTestNG.run(AbstractRemoteTestNG.java:115)
at org.testng.remote.RemoteTestNG.initAndRun(RemoteTestNG.java:251)
at org.testng.remote.RemoteTestNG.main(RemoteTestNG.java:77)
Caused by: com.microsoft.playwright.impl.DriverException: Error {
  message='Protocol error (Page.navigate): Cannot navigate to invalid URL
  name='Error
  stack='Error: Protocol error (Page.navigate): Cannot navigate to invalid URL
    at C:\Users\mohom\AppData\Local\Temp\playwright-java-1425518182737789801\package\lib\server\chromium\crConnection.js:135:16
    at new Promise (<anonymous>)
    at CRSession.send (C:\Users\mohom\AppData\Local\Temp\playwright-java-1425518182737789801\package\lib\server\chromium\crConnection.js:131:12)
    at FrameSession._navigate (C:\Users\mohom\AppData\Local\Temp\playwright-java-1425518182737789801\package\lib\server\chromium\crPage.js:502:41)
    at CRPage.navigateFrame (C:\Users\mohom\AppData\Local\Temp\playwright-java-1425518182737789801\package\lib\server\chromium\crPage.js:157:41)
    at Frame._gotoAction (C:\Users\mohom\AppData\Local\Temp\playwright-java-1425518182737789801\package\lib\server\frames.js:534:55)
    at C:\Users\mohom\AppData\Local\Temp\playwright-java-1425518182737789801\package\lib\server\frames.js:520:74
    at Frame.raceNavigationAction (C:\Users\mohom\AppData\Local\Temp\playwright-java-1425518182737789801\package\lib\server\frames.js:492:95)
    at Frame._goto (C:\Users\mohom\AppData\Local\Temp\playwright-java-1425518182737789801\package\lib\server\frames.js:520:17)
    at C:\Users\mohom\AppData\Local\Temp\playwright-java-1425518182737789801\package\lib\server\frames.js:517:44
}
Call log:
- navigating to "", waiting until "load"

at com.microsoft.playwright.impl.Connection.dispatch(Connection.java:257)
at com.microsoft.playwright.impl.Connection.processOneMessage(Connection.java:209)
at com.microsoft.playwright.impl.ChannelOwner.runUntil(ChannelOwner.java:118)
... 35 more
]]>
    </error>
  </testcase> <!-- setup -->
  <system-out/>
  <testcase classname="com.qa.Salesforce.tests.TC_02_FranchiseAccountandContact" name="Franchise" time="0.001">
    <skipped/>
  </testcase> <!-- Franchise -->
  <system-out/>
</testsuite> <!-- com.qa.Salesforce.tests.TC_02_FranchiseAccountandContact -->
